F22: Calling A4_Render(
	SceneNode:[name:scene, id:0]
	Image(width:256, height:256)
	eye:  vec3(0.000000, 0.000000, 0.000000)
	view: vec3(0.000000, 0.000000, -1.000000)
	up:   vec3(0.000000, 1.000000, 0.000000)
	fovy: 50
	ambient: vec3(0.400000, 0.400000, 0.400000)
	lights{
		L[vec3(0.800000, 0.800000, 0.800000), vec3(200.000000, 200.000000, 400.000000), 1, 0, 0]
		L[vec3(0.400000, 0.400000, 0.800000), vec3(0.000000, 5.000000, -20.000000), 1, 0, 0]
	}
)
sphere: 19.5466 0.978881
sphere: 19.5466 0.978881
sphere: 19.5664 0.983072
sphere: 19.5664 0.983072
sphere: 19.6057 0.987311
sphere: 19.6057 0.987311
sphere: 19.6564 0.991598
sphere: 19.6564 0.991598
sphere: 19.7153 0.995933
sphere: 19.7153 0.995933
sphere: 19.7811 1.00032
sphere: 19.7811 1.00032
sphere: 19.8528 1.00475
sphere: 19.8528 1.00475
sphere: 19.9299 1.00924
sphere: 19.9299 1.00924
sphere: 20.0123 1.01377
sphere: 20.0123 1.01377
sphere: 20.0999 1.01836
sphere: 20.0999 1.01836
sphere: 20.1929 1.023
sphere: 20.1929 1.023
sphere: 20.2914 1.0277
sphere: 20.2914 1.0277
sphere: 20.3959 1.03244
sphere: 20.3959 1.03244
sphere: 20.5069 1.03724
sphere: 20.5069 1.03724
sphere: 20.6256 1.0421
sphere: 20.6256 1.0421
sphere: 20.7537 1.04701
sphere: 20.7537 1.04701
sphere: 20.8937 1.05198
sphere: 20.8937 1.05198
sphere: 21.0525 1.05701
sphere: 21.0525 1.05701
sphere: 21.2509 1.06209
sphere: 21.2509 1.06209
sphere: 19.0351 0.953693
sphere: 19.0351 0.953693
sphere: 19.0331 0.957599
sphere: 19.0331 0.957599
sphere: 19.0549 0.961548
sphere: 19.0549 0.961548
sphere: 19.0895 0.965543
sphere: 19.0895 0.965543
sphere: 19.1326 0.969582
sphere: 19.1326 0.969582
sphere: 19.1824 0.973667
sphere: 19.1824 0.973667
sphere: 19.2377 0.977799
sphere: 19.2377 0.977799
sphere: 19.2979 0.981977
sphere: 19.2979 0.981977
sphere: 19.3624 0.986202
sphere: 19.3624 0.986202
sphere: 19.4311 0.990475
sphere: 19.4311 0.990475
sphere: 19.5038 0.994796
sphere: 19.5038 0.994796
sphere: 19.5804 0.999167
sphere: 19.5804 0.999167
sphere: 19.6608 1.00359
sphere: 19.6608 1.00359
sphere: 19.745 1.00806
sphere: 19.745 1.00806
sphere: 19.8332 1.01258
sphere: 19.8332 1.01258
sphere: 19.9256 1.01715
sphere: 19.9256 1.01715
sphere: 20.0221 1.02178
sphere: 20.0221 1.02178
sphere: 20.1231 1.02645
sphere: 20.1231 1.02645
sphere: 20.2291 1.03118
sphere: 20.2291 1.03118
sphere: 20.3405 1.03597
sphere: 20.3405 1.03597
sphere: 20.458 1.04081
sphere: 20.458 1.04081
sphere: 20.5822 1.0457
sphere: 20.5822 1.0457
sphere: 20.7148 1.05066
sphere: 20.7148 1.05066
sphere: 20.8578 1.05566
sphere: 20.8578 1.05566
sphere: 21.0151 1.06073
sphere: 21.0151 1.06073
sphere: 21.1954 1.06585
sphere: 21.1954 1.06585
sphere: 21.4334 1.07103
sphere: 21.4334 1.07103
sphere: 18.6556 0.93384
sphere: 18.6556 0.93384
sphere: 18.6326 0.937522
sphere: 18.6326 0.937522
sphere: 18.6414 0.941246
sphere: 18.6414 0.941246
sphere: 18.6647 0.945012
sphere: 18.6647 0.945012
sphere: 18.6973 0.948819
sphere: 18.6973 0.948819
sphere: 18.7368 0.95267
sphere: 18.7368 0.95267
sphere: 18.782 0.956564
sphere: 18.782 0.956564
sphere: 18.8318 0.960501
sphere: 18.8318 0.960501
sphere: 18.886 0.964483
sphere: 18.886 0.964483
sphere: 18.9439 0.96851
sphere: 18.9439 0.96851
sphere: 19.0054 0.972582
sphere: 19.0054 0.972582
sphere: 19.0704 0.9767
sphere: 19.0704 0.9767
sphere: 19.1387 0.980864
sphere: 19.1387 0.980864
sphere: 19.2103 0.985076
sphere: 19.2103 0.985076
sphere: 19.285 0.989335
sphere: 19.285 0.989335
sphere: 19.363 0.993642
sphere: 19.363 0.993642
sphere: 19.4443 0.997998
sphere: 19.4443 0.997998
sphere: 19.5289 1.0024
sphere: 19.5289 1.0024
sphere: 19.6169 1.00686
sphere: 19.6169 1.00686
sphere: 19.7085 1.01137
sphere: 19.7085 1.01137
sphere: 19.8039 1.01592
sphere: 19.8039 1.01592
sphere: 19.9032 1.02053
sphere: 19.9032 1.02053
sphere: 20.0066 1.02519
sphere: 20.0066 1.02519
sphere: 20.1148 1.02991
sphere: 20.1148 1.02991
sphere: 20.2278 1.03467
sphere: 20.2278 1.03467
sphere: 20.3465 1.0395
sphere: 20.3465 1.0395
sphere: 20.4715 1.04437
sphere: 20.4715 1.04437
sphere: 20.604 1.04931
sphere: 20.604 1.04931
sphere: 20.7456 1.0543
sphere: 20.7456 1.0543
sphere: 20.899 1.05934
sphere: 20.899 1.05934
sphere: 21.0692 1.06445
sphere: 21.0692 1.06445
sphere: 21.2683 1.06961
sphere: 21.2683 1.06961
sphere: 21.5702 1.07483
sphere: 21.5702 1.07483
sphere: 18.3238 0.918577
sphere: 18.3238 0.918577
sphere: 18.3019 0.922089
sphere: 18.3019 0.922089
sphere: 18.3074 0.92564
sphere: 18.3074 0.92564
sphere: 18.3265 0.92923
sphere: 18.3265 0.92923
sphere: 18.3544 0.932861
sphere: 18.3544 0.932861
sphere: 18.3888 0.936532
sphere: 18.3888 0.936532
sphere: 18.4285 0.940245
sphere: 18.4285 0.940245
sphere: 18.4727 0.943999
sphere: 18.4727 0.943999
sphere: 18.5208 0.947794
sphere: 18.5208 0.947794
sphere: 18.5726 0.951633
sphere: 18.5726 0.951633
sphere: 18.6277 0.955514
sphere: 18.6277 0.955514
sphere: 18.6859 0.959439
sphere: 18.6859 0.959439
sphere: 18.7472 0.963408
sphere: 18.7472 0.963408
sphere: 18.8114 0.967422
sphere: 18.8114 0.967422
sphere: 18.8785 0.971481
sphere: 18.8785 0.971481
sphere: 18.9484 0.975585
sphere: 18.9484 0.975585
sphere: 19.0211 0.979736
sphere: 19.0211 0.979736
sphere: 19.0968 0.983933
sphere: 19.0968 0.983933
sphere: 19.1754 0.988178
sphere: 19.1754 0.988178
sphere: 19.2569 0.992471
sphere: 19.2569 0.992471
sphere: 19.3415 0.996812
sphere: 19.3415 0.996812
sphere: 19.4291 1.0012
sphere: 19.4291 1.0012
sphere: 19.5201 1.00564
sphere: 19.5201 1.00564
sphere: 19.6145 1.01013
sphere: 19.6145 1.01013
sphere: 19.7126 1.01467
sphere: 19.7126 1.01467
sphere: 19.8145 1.01927
sphere: 19.8145 1.01927
sphere: 19.9205 1.02391
sphere: 19.9205 1.02391
sphere: 20.0311 1.02861
sphere: 20.0311 1.02861
sphere: 20.1465 1.03336
sphere: 20.1465 1.03336
sphere: 20.2676 1.03816
sphere: 20.2676 1.03816
sphere: 20.3949 1.04302
sphere: 20.3949 1.04302
sphere: 20.5298 1.04794
sphere: 20.5298 1.04794
sphere: 20.6737 1.05291
sphere: 20.6737 1.05291
sphere: 20.8292 1.05794
sphere: 20.8292 1.05794
sphere: 21.0009 1.06302
sphere: 21.0009 1.06302
sphere: 21.1995 1.06816
sphere: 21.1995 1.06816
sphere: 21.4707 1.07337
sphere: 21.4707 1.07337
sphere: 18.0588 0.904006
sphere: 18.0588 0.904006
sphere: 18.0197 0.907356
sphere: 18.0197 0.907356
sphere: 18.0162 0.910743
sphere: 18.0162 0.910743
sphere: 18.0282 0.914167
sphere: 18.0282 0.914167
sphere: 18.0495 0.91763
sphere: 18.0495 0.91763
sphere: 18.0779 0.921131
sphere: 18.0779 0.921131
sphere: 18.1117 0.924671
sphere: 18.1117 0.924671
sphere: 18.1501 0.92825
sphere: 18.1501 0.92825
sphere: 18.1924 0.931869
sphere: 18.1924 0.931869
sphere: 18.2381 0.935529
sphere: 18.2381 0.935529
sphere: 18.2873 0.93923
sphere: 18.2873 0.93923
sphere: 18.3393 0.942971
sphere: 18.3393 0.942971
sphere: 18.3942 0.946755
sphere: 18.3942 0.946755
sphere: 18.4519 0.950581
sphere: 18.4519 0.950581
sphere: 18.5123 0.95445
sphere: 18.5123 0.95445
sphere: 18.5753 0.958362
sphere: 18.5753 0.958362
sphere: 18.6409 0.962318
sphere: 18.6409 0.962318
sphere: 18.709 0.966318
sphere: 18.709 0.966318
sphere: 18.7798 0.970364
sphere: 18.7798 0.970364
sphere: 18.8532 0.974454
sphere: 18.8532 0.974454
sphere: 18.9292 0.978591
sphere: 18.9292 0.978591
sphere: 19.0079 0.982774
sphere: 19.0079 0.982774
sphere: 19.0895 0.987004
sphere: 19.0895 0.987004
sphere: 19.1738 0.991282
sphere: 19.1738 0.991282
sphere: 19.2612 0.995608
sphere: 19.2612 0.995608
sphere: 19.3516 0.999983
sphere: 19.3516 0.999983
sphere: 19.4453 1.00441
sphere: 19.4453 1.00441
sphere: 19.5424 1.00888
sphere: 19.5424 1.00888
sphere: 19.6432 1.01341
sphere: 19.6432 1.01341
sphere: 19.7478 1.01798
sphere: 19.7478 1.01798
sphere: 19.8566 1.02261
sphere: 19.8566 1.02261
sphere: 19.9701 1.02729
sphere: 19.9701 1.02729
sphere: 20.0887 1.03202
sphere: 20.0887 1.03202
sphere: 20.213 1.03681
sphere: 20.213 1.03681
sphere: 20.344 1.04165
sphere: 20.344 1.04165
sphere: 20.4827 1.04655
sphere: 20.4827 1.04655
sphere: 20.6313 1.0515
sphere: 20.6313 1.0515
sphere: 20.7925 1.05651
sphere: 20.7925 1.05651
sphere: 20.972 1.06157
sphere: 20.972 1.06157
sphere: 21.1841 1.06669
sphere: 21.1841 1.06669
sphere: 21.5257 1.07188
sphere: 21.5257 1.07188
sphere: 17.7845 0.893289
sphere: 17.7845 0.893289
sphere: 17.7634 0.89652
sphere: 17.7634 0.89652
sphere: 17.7647 0.899787
sphere: 17.7647 0.899787
sphere: 17.7779 0.903089
sphere: 17.7779 0.903089
sphere: 17.7991 0.906429
sphere: 17.7991 0.906429
sphere: 17.8264 0.909805
sphere: 17.8264 0.909805
sphere: 17.8586 0.913219
sphere: 17.8586 0.913219
sphere: 17.8949 0.91667
sphere: 17.8949 0.91667
sphere: 17.9349 0.92016
sphere: 17.9349 0.92016
sphere: 17.9781 0.923689
sphere: 17.9781 0.923689
sphere: 18.0243 0.927257
sphere: 18.0243 0.927257
sphere: 18.0733 0.930865
sphere: 18.0733 0.930865
sphere: 18.125 0.934513
sphere: 18.125 0.934513
sphere: 18.1793 0.938201
sphere: 18.1793 0.938201
sphere: 18.2361 0.941931
sphere: 18.2361 0.941931
sphere: 18.2952 0.945702
sphere: 18.2952 0.945702
sphere: 18.3569 0.949515
sphere: 18.3569 0.949515
sphere: 18.4209 0.953371
sphere: 18.4209 0.953371
sphere: 18.4873 0.95727
sphere: 18.4873 0.95727
sphere: 18.5561 0.961213
sphere: 18.5561 0.961213
sphere: 18.6273 0.965199
sphere: 18.6273 0.965199
sphere: 18.701 0.969231
sphere: 18.701 0.969231
sphere: 18.7772 0.973307
sphere: 18.7772 0.973307
sphere: 18.856 0.97743
sphere: 18.856 0.97743
sphere: 18.9374 0.981598
sphere: 18.9374 0.981598
sphere: 19.0216 0.985813
sphere: 19.0216 0.985813
sphere: 19.1086 0.990076
sphere: 19.1086 0.990076
sphere: 19.1986 0.994387
sphere: 19.1986 0.994387
sphere: 19.2917 0.998746
sphere: 19.2917 0.998746
sphere: 19.3881 1.00315
sphere: 19.3881 1.00315
sphere: 19.488 1.00761
sphere: 19.488 1.00761
sphere: 19.5916 1.01212
sphere: 19.5916 1.01212
sphere: 19.6993 1.01668
sphere: 19.6993 1.01668
sphere: 19.8113 1.02129
sphere: 19.8113 1.02129
sphere: 19.9283 1.02595
sphere: 19.9283 1.02595
sphere: 20.0507 1.03067
sphere: 20.0507 1.03067
sphere: 20.1793 1.03544
sphere: 20.1793 1.03544
sphere: 20.3152 1.04026
sphere: 20.3152 1.04026
sphere: 20.4599 1.04514
sphere: 20.4599 1.04514
sphere: 20.6158 1.05007
sphere: 20.6158 1.05007
sphere: 20.7871 1.05506
sphere: 20.7871 1.05506
sphere: 20.9826 1.0601
sphere: 20.9826 1.0601
sphere: 21.2315 1.0652
sphere: 21.2315 1.0652
sphere: 17.6294 0.879856
sphere: 17.6294 0.879856
sphere: 17.5536 0.882938
sphere: 17.5536 0.882938
sphere: 17.5362 0.886055
sphere: 17.5362 0.886055
sphere: 17.5378 0.889206
sphere: 17.5378 0.889206
sphere: 17.5502 0.892392
sphere: 17.5502 0.892392
sphere: 17.5699 0.895612
sphere: 17.5699 0.895612
sphere: 17.5954 0.898869
sphere: 17.5954 0.898869
sphere: 17.6253 0.902161
sphere: 17.6253 0.902161
sphere: 17.6592 0.90549
sphere: 17.6592 0.90549
sphere: 17.6966 0.908856
sphere: 17.6966 0.908856
sphere: 17.7371 0.912258
sphere: 17.7371 0.912258
sphere: 17.7804 0.915699
sphere: 17.7804 0.915699
sphere: 17.8264 0.919178
sphere: 17.8264 0.919178
sphere: 17.875 0.922695
sphere: 17.875 0.922695
sphere: 17.926 0.926251
sphere: 17.926 0.926251
sphere: 17.9794 0.929847
sphere: 17.9794 0.929847
sphere: 18.0351 0.933483
sphere: 18.0351 0.933483
sphere: 18.093 0.937159
sphere: 18.093 0.937159
sphere: 18.1531 0.940876
sphere: 18.1531 0.940876
sphere: 18.2155 0.944635
sphere: 18.2155 0.944635
sphere: 18.2801 0.948435
sphere: 18.2801 0.948435
sphere: 18.3471 0.952278
sphere: 18.3471 0.952278
sphere: 18.4163 0.956163
sphere: 18.4163 0.956163
sphere: 18.4878 0.960092
sphere: 18.4878 0.960092
sphere: 18.5616 0.964065
sphere: 18.5616 0.964065
sphere: 18.6378 0.968082
sphere: 18.6378 0.968082
sphere: 18.7166 0.972145
sphere: 18.7166 0.972145
sphere: 18.7979 0.976252
sphere: 18.7979 0.976252
sphere: 18.8819 0.980406
sphere: 18.8819 0.980406
sphere: 18.9687 0.984606
sphere: 18.9687 0.984606
sphere: 19.0582 0.988853
sphere: 19.0582 0.988853
sphere: 19.1509 0.993148
sphere: 19.1509 0.993148
sphere: 19.2468 0.997491
sphere: 19.2468 0.997491
sphere: 19.3461 1.00188
sphere: 19.3461 1.00188
sphere: 19.449 1.00632
sphere: 19.449 1.00632
sphere: 19.5559 1.01082
sphere: 19.5559 1.01082
sphere: 19.6671 1.01536
sphere: 19.6671 1.01536
sphere: 19.783 1.01995
sphere: 19.783 1.01995
sphere: 19.9042 1.02459
sphere: 19.9042 1.02459
sphere: 20.0314 1.02929
sphere: 20.0314 1.02929
sphere: 20.1657 1.03404
sphere: 20.1657 1.03404
sphere: 20.3083 1.03884
sphere: 20.3083 1.03884
sphere: 20.4617 1.0437
sphere: 20.4617 1.0437
sphere: 20.6292 1.04861
sphere: 20.6292 1.04861
sphere: 20.8184 1.05358
sphere: 20.8184 1.05358
sphere: 21.0498 1.05861
sphere: 21.0498 1.05861
sphere: 17.4262 0.869967
sphere: 17.4262 0.869967
sphere: 17.3509 0.872941
sphere: 17.3509 0.872941
sphere: 17.3319 0.875948
sphere: 17.3319 0.875948
sphere: 17.3315 0.878987
sphere: 17.3315 0.878987
sphere: 17.3416 0.88206
sphere: 17.3416 0.88206
sphere: 17.3589 0.885167
sphere: 17.3589 0.885167
sphere: 17.3819 0.888308
sphere: 17.3819 0.888308
sphere: 17.4094 0.891484
sphere: 17.4094 0.891484
sphere: 17.4407 0.894694
sphere: 17.4407 0.894694
sphere: 17.4753 0.89794
sphere: 17.4753 0.89794
sphere: 17.513 0.901222
sphere: 17.513 0.901222
sphere: 17.5535 0.90454
sphere: 17.5535 0.90454
sphere: 17.5964 0.907895
sphere: 17.5964 0.907895
sphere: 17.642 0.911286
sphere: 17.642 0.911286
sphere: 17.6897 0.914716
sphere: 17.6897 0.914716
sphere: 17.7398 0.918183
sphere: 17.7398 0.918183
sphere: 17.7921 0.921689
sphere: 17.7921 0.921689
sphere: 17.8466 0.925233
sphere: 17.8466 0.925233
sphere: 17.9032 0.928817
sphere: 17.9032 0.928817
sphere: 17.9619 0.93244
sphere: 17.9619 0.93244
sphere: 18.0227 0.936104
sphere: 18.0227 0.936104
sphere: 18.0856 0.939808
sphere: 18.0856 0.939808
sphere: 18.1507 0.943554
sphere: 18.1507 0.943554
sphere: 18.2179 0.947341
sphere: 18.2179 0.947341
sphere: 18.2873 0.95117
sphere: 18.2873 0.95117
sphere: 18.359 0.955042
sphere: 18.359 0.955042
sphere: 18.4329 0.958957
sphere: 18.4329 0.958957
sphere: 18.5092 0.962916
sphere: 18.5092 0.962916
sphere: 18.5879 0.966919
sphere: 18.5879 0.966919
sphere: 18.6692 0.970966
sphere: 18.6692 0.970966
sphere: 18.753 0.975059
sphere: 18.753 0.975059
sphere: 18.8395 0.979198
sphere: 18.8395 0.979198
sphere: 18.929 0.983382
sphere: 18.929 0.983382
sphere: 19.0213 0.987614
sphere: 19.0213 0.987614
sphere: 19.1168 0.991893
sphere: 19.1168 0.991893
sphere: 19.2157 0.996219
sphere: 19.2157 0.996219
sphere: 19.3182 1.00059
sphere: 19.3182 1.00059
sphere: 19.4246 1.00502
sphere: 19.4246 1.00502
sphere: 19.5353 1.00949
sphere: 19.5353 1.00949
sphere: 19.6506 1.01402
sphere: 19.6506 1.01402
sphere: 19.7713 1.01859
sphere: 19.7713 1.01859
sphere: 19.8978 1.02322
sphere: 19.8978 1.02322
sphere: 20.0314 1.0279
sphere: 20.0314 1.0279
sphere: 20.1734 1.03263
sphere: 20.1734 1.03263
sphere: 20.3258 1.03741
sphere: 20.3258 1.03741
sphere: 20.4925 1.04225
sphere: 20.4925 1.04225
sphere: 20.6804 1.04714
sphere: 20.6804 1.04714
sphere: 20.9096 1.05209
sphere: 20.9096 1.05209
sphere: 17.2872 0.860415
sphere: 17.2872 0.860415
sphere: 17.1733 0.863284
sphere: 17.1733 0.863284
sphere: 17.1481 0.866185
sphere: 17.1481 0.866185
sphere: 17.1435 0.869117
sphere: 17.1435 0.869117
sphere: 17.1501 0.872082
sphere: 17.1501 0.872082
sphere: 17.1645 0.875079
sphere: 17.1645 0.875079
sphere: 17.1844 0.878109
sphere: 17.1844 0.878109
sphere: 17.209 0.881172
sphere: 17.209 0.881172
sphere: 17.2375 0.884269
sphere: 17.2375 0.884269
sphere: 17.2692 0.8874
sphere: 17.2692 0.8874
sphere: 17.304 0.890565
sphere: 17.304 0.890565
sphere: 17.3416 0.893765
sphere: 17.3416 0.893765
sphere: 17.3816 0.897001
sphere: 17.3816 0.897001
sphere: 17.4241 0.900272
sphere: 17.4241 0.900272
sphere: 17.4689 0.903579
sphere: 17.4689 0.903579
sphere: 17.5158 0.906922
sphere: 17.5158 0.906922
sphere: 17.5648 0.910303
sphere: 17.5648 0.910303
sphere: 17.616 0.913721
sphere: 17.616 0.913721
sphere: 17.6692 0.917176
sphere: 17.6692 0.917176
sphere: 17.7244 0.92067
sphere: 17.7244 0.92067
sphere: 17.7816 0.924202
sphere: 17.7816 0.924202
sphere: 17.8408 0.927774
sphere: 17.8408 0.927774
sphere: 17.9022 0.931385
sphere: 17.9022 0.931385
sphere: 17.9655 0.935036
sphere: 17.9655 0.935036
sphere: 18.0308 0.938727
sphere: 18.0308 0.938727
sphere: 18.0983 0.942459
sphere: 18.0983 0.942459
sphere: 18.1679 0.946233
sphere: 18.1679 0.946233
sphere: 18.2396 0.950049
sphere: 18.2396 0.950049
sphere: 18.3137 0.953907
sphere: 18.3137 0.953907
sphere: 18.39 0.957808
sphere: 18.39 0.957808
sphere: 18.4687 0.961752
sphere: 18.4687 0.961752
sphere: 18.5499 0.96574
sphere: 18.5499 0.96574
sphere: 18.6336 0.969773
sphere: 18.6336 0.969773
sphere: 18.72 0.973851
sphere: 18.72 0.973851
sphere: 18.8093 0.977973
sphere: 18.8093 0.977973
sphere: 18.9015 0.982142
sphere: 18.9015 0.982142
sphere: 18.9968 0.986358
sphere: 18.9968 0.986358
sphere: 19.0956 0.99062
sphere: 19.0956 0.99062
sphere: 19.1979 0.99493
sphere: 19.1979 0.99493
sphere: 19.3042 0.999289
sphere: 19.3042 0.999289
sphere: 19.4146 1.0037
sphere: 19.4146 1.0037
sphere: 19.5299 1.00815
sphere: 19.5299 1.00815
sphere: 19.6505 1.01266
sphere: 19.6505 1.01266
sphere: 19.7771 1.01721
sphere: 19.7771 1.01721
sphere: 19.9109 1.02182
sphere: 19.9109 1.02182
sphere: 20.0532 1.02648
sphere: 20.0532 1.02648
sphere: 20.2064 1.03119
sphere: 20.2064 1.03119
sphere: 20.3745 1.03596
sphere: 20.3745 1.03596
sphere: 20.5658 1.04077
sphere: 20.5658 1.04077
sphere: 20.8041 1.04565
sphere: 20.8041 1.04565
sphere: 17.0225 0.853956
sphere: 17.0225 0.853956
sphere: 16.9841 0.856754
sphere: 16.9841 0.856754
sphere: 16.9729 0.859583
sphere: 16.9729 0.859583
sphere: 16.9749 0.862444
sphere: 16.9749 0.862444
sphere: 16.9853 0.865335
sphere: 16.9853 0.865335
sphere: 17.0019 0.868258
sphere: 17.0019 0.868258
sphere: 17.0233 0.871213
sphere: 17.0233 0.871213
sphere: 17.0486 0.874201
sphere: 17.0486 0.874201
sphere: 17.0773 0.877221
sphere: 17.0773 0.877221
sphere: 17.1091 0.880274
sphere: 17.1091 0.880274
sphere: 17.1437 0.883361
sphere: 17.1437 0.883361
sphere: 17.1808 0.886482
sphere: 17.1808 0.886482
sphere: 17.2203 0.889637
sphere: 17.2203 0.889637
sphere: 17.262 0.892826
sphere: 17.262 0.892826
sphere: 17.3059 0.896051
sphere: 17.3059 0.896051
sphere: 17.3518 0.899311
sphere: 17.3518 0.899311
sphere: 17.3998 0.902607
sphere: 17.3998 0.902607
sphere: 17.4498 0.905939
sphere: 17.4498 0.905939
sphere: 17.5017 0.909308
sphere: 17.5017 0.909308
sphere: 17.5556 0.912714
sphere: 17.5556 0.912714
sphere: 17.6113 0.916158
sphere: 17.6113 0.916158
sphere: 17.6691 0.919639
sphere: 17.6691 0.919639
sphere: 17.7287 0.923159
sphere: 17.7287 0.923159
sphere: 17.7903 0.926718
sphere: 17.7903 0.926718
sphere: 17.8539 0.930316
sphere: 17.8539 0.930316
sphere: 17.9195 0.933954
sphere: 17.9195 0.933954
sphere: 17.9871 0.937633
sphere: 17.9871 0.937633
sphere: 18.0569 0.941352
sphere: 18.0569 0.941352
sphere: 18.1288 0.945112
sphere: 18.1288 0.945112
sphere: 18.2029 0.948913
sphere: 18.2029 0.948913
sphere: 18.2793 0.952757
sphere: 18.2793 0.952757
sphere: 18.358 0.956644
sphere: 18.358 0.956644
sphere: 18.4392 0.960574
sphere: 18.4392 0.960574
sphere: 18.523 0.964547
sphere: 18.523 0.964547
sphere: 18.6093 0.968564
sphere: 18.6093 0.968564
sphere: 18.6986 0.972626
sphere: 18.6986 0.972626
sphere: 18.7908 0.976734
sphere: 18.7908 0.976734
sphere: 18.8862 0.980887
sphere: 18.8862 0.980887
sphere: 18.985 0.985085
sphere: 18.985 0.985085
sphere: 19.0874 0.989331
sphere: 19.0874 0.989331
sphere: 19.1938 0.993625
sphere: 19.1938 0.993625
sphere: 19.3044 0.997966
sphere: 19.3044 0.997966
sphere: 19.42 1.00235
sphere: 19.42 1.00235
sphere: 19.5412 1.00679
sphere: 19.5412 1.00679
sphere: 19.6685 1.01128
sphere: 19.6685 1.01128
sphere: 19.8032 1.01582
sphere: 19.8032 1.01582
sphere: 19.9472 1.02041
sphere: 19.9472 1.02041
sphere: 20.103 1.02505
sphere: 20.103 1.02505
sphere: 20.2754 1.02974
sphere: 20.2754 1.02974
sphere: 20.4751 1.03448
sphere: 20.4751 1.03448
sphere: 20.7433 1.03928
sphere: 20.7433 1.03928
sphere: 16.9149 0.844944
sphere: 16.9149 0.844944
sphere: 16.8424 0.847644
sphere: 16.8424 0.847644
sphere: 16.8202 0.850374
sphere: 16.8202 0.850374
sphere: 16.8157 0.853134
sphere: 16.8157 0.853134
sphere: 16.8212 0.855924
sphere: 16.8212 0.855924
sphere: 16.8336 0.858744
sphere: 16.8336 0.858744
sphere: 16.8512 0.861595
sphere: 16.8512 0.861595
sphere: 16.8732 0.864477
sphere: 16.8732 0.864477
sphere: 16.8988 0.86739
sphere: 16.8988 0.86739
sphere: 16.9275 0.870336
sphere: 16.9275 0.870336
sphere: 16.9589 0.873313
sphere: 16.9589 0.873313
sphere: 16.9931 0.876324
sphere: 16.9931 0.876324
sphere: 17.0296 0.879367
sphere: 17.0296 0.879367
sphere: 17.0683 0.882443
sphere: 17.0683 0.882443
sphere: 17.1091 0.885554
sphere: 17.1091 0.885554
sphere: 17.1521 0.888698
sphere: 17.1521 0.888698
sphere: 17.197 0.891877
sphere: 17.197 0.891877
sphere: 17.2439 0.89509
sphere: 17.2439 0.89509
sphere: 17.2926 0.898339
sphere: 17.2926 0.898339
sphere: 17.3432 0.901624
sphere: 17.3432 0.901624
sphere: 17.3958 0.904944
sphere: 17.3958 0.904944
sphere: 17.4501 0.908302
sphere: 17.4501 0.908302
sphere: 17.5063 0.911696
sphere: 17.5063 0.911696
sphere: 17.5645 0.915127
sphere: 17.5645 0.915127
sphere: 17.6244 0.918597
sphere: 17.6244 0.918597
sphere: 17.6864 0.922104
sphere: 17.6864 0.922104
sphere: 17.7502 0.92565
sphere: 17.7502 0.92565
sphere: 17.816 0.929236
sphere: 17.816 0.929236
sphere: 17.8838 0.93286
sphere: 17.8838 0.93286
sphere: 17.9537 0.936525
sphere: 17.9537 0.936525
sphere: 18.0257 0.94023
sphere: 18.0257 0.94023
sphere: 18.0999 0.943977
sphere: 18.0999 0.943977
sphere: 18.1764 0.947765
sphere: 18.1764 0.947765
sphere: 18.2552 0.951594
sphere: 18.2552 0.951594
sphere: 18.3365 0.955466
sphere: 18.3365 0.955466
sphere: 18.4204 0.959381
sphere: 18.4204 0.959381
sphere: 18.5069 0.963339
sphere: 18.5069 0.963339
sphere: 18.5962 0.967341
sphere: 18.5962 0.967341
sphere: 18.6887 0.971387
sphere: 18.6887 0.971387
sphere: 18.7843 0.975478
sphere: 18.7843 0.975478
sphere: 18.8833 0.979615
sphere: 18.8833 0.979615
sphere: 18.9861 0.983797
sphere: 18.9861 0.983797
sphere: 19.0929 0.988026
sphere: 19.0929 0.988026
sphere: 19.2043 0.992302
sphere: 19.2043 0.992302
sphere: 19.3207 0.996625
sphere: 19.3207 0.996625
sphere: 19.4428 1.001
sphere: 19.4428 1.001
sphere: 19.5717 1.00542
sphere: 19.5717 1.00542
sphere: 19.7086 1.00989
sphere: 19.7086 1.00989
sphere: 19.8556 1.01441
sphere: 19.8556 1.01441
sphere: 20.016 1.01897
sphere: 20.016 1.01897
sphere: 20.1966 1.02359
sphere: 20.1966 1.02359
sphere: 20.4149 1.02827
sphere: 20.4149 1.02827
sphere: 16.732 0.838843
sphere: 16.732 0.838843
sphere: 16.6881 0.841477
sphere: 16.6881 0.841477
sphere: 16.6734 0.84414
sphere: 16.6734 0.84414
sphere: 16.6722 0.846832
sphere: 16.6722 0.846832
sphere: 16.6795 0.849553
sphere: 16.6795 0.849553
sphere: 16.6928 0.852304
sphere: 16.6928 0.852304
sphere: 16.711 0.855085
sphere: 16.711 0.855085
sphere: 16.733 0.857896
sphere: 16.733 0.857896
sphere: 16.7584 0.860737
sphere: 16.7584 0.860737
sphere: 16.7867 0.86361
sphere: 16.7867 0.86361
sphere: 16.8178 0.866514
sphere: 16.8178 0.866514
sphere: 16.8512 0.869449
sphere: 16.8512 0.869449
sphere: 16.8869 0.872417
sphere: 16.8869 0.872417
sphere: 16.9249 0.875417
sphere: 16.9249 0.875417
sphere: 16.9648 0.87845
sphere: 16.9648 0.87845
sphere: 17.0067 0.881516
sphere: 17.0067 0.881516
sphere: 17.0506 0.884616
sphere: 17.0506 0.884616
sphere: 17.0963 0.887749
sphere: 17.0963 0.887749
sphere: 17.1438 0.890917
sphere: 17.1438 0.890917
sphere: 17.1931 0.894119
sphere: 17.1931 0.894119
sphere: 17.2443 0.897357
sphere: 17.2443 0.897357
sphere: 17.2973 0.90063
sphere: 17.2973 0.90063
sphere: 17.3521 0.903939
sphere: 17.3521 0.903939
sphere: 17.4087 0.907284
sphere: 17.4087 0.907284
sphere: 17.4671 0.910666
sphere: 17.4671 0.910666
sphere: 17.5274 0.914086
sphere: 17.5274 0.914086
sphere: 17.5895 0.917542
sphere: 17.5895 0.917542
sphere: 17.6536 0.921037
sphere: 17.6536 0.921037
sphere: 17.7196 0.92457
sphere: 17.7196 0.92457
sphere: 17.7876 0.928142
sphere: 17.7876 0.928142
sphere: 17.8577 0.931754
sphere: 17.8577 0.931754
sphere: 17.9299 0.935405
sphere: 17.9299 0.935405
sphere: 18.0043 0.939096
sphere: 18.0043 0.939096
sphere: 18.0809 0.942829
sphere: 18.0809 0.942829
sphere: 18.1599 0.946602
sphere: 18.1599 0.946602
sphere: 18.2414 0.950417
sphere: 18.2414 0.950417
sphere: 18.3255 0.954274
sphere: 18.3255 0.954274
sphere: 18.4122 0.958173
sphere: 18.4122 0.958173
sphere: 18.5019 0.962116
sphere: 18.5019 0.962116
sphere: 18.5947 0.966102
sphere: 18.5947 0.966102
sphere: 18.6908 0.970133
sphere: 18.6908 0.970133
sphere: 18.7904 0.974208
sphere: 18.7904 0.974208
sphere: 18.8939 0.978328
sphere: 18.8939 0.978328
sphere: 19.0016 0.982493
sphere: 19.0016 0.982493
sphere: 19.114 0.986705
sphere: 19.114 0.986705
sphere: 19.2318 0.990963
sphere: 19.2318 0.990963
sphere: 19.3558 0.995269
sphere: 19.3558 0.995269
sphere: 19.4871 0.999622
sphere: 19.4871 0.999622
sphere: 19.6275 1.00402
sphere: 19.6275 1.00402
sphere: 19.7796 1.00847
sphere: 19.7796 1.00847
sphere: 19.9483 1.01297
sphere: 19.9483 1.01297
sphere: 20.1446 1.01752
sphere: 20.1446 1.01752
sphere: 16.5846 0.832882
sphere: 16.5846 0.832882
sphere: 16.5508 0.835452
sphere: 16.5508 0.835452
sphere: 16.5398 0.838049
sphere: 16.5398 0.838049
sphere: 16.5402 0.840675
sphere: 16.5402 0.840675
sphere: 16.5482 0.843329
sphere: 16.5482 0.843329
sphere: 16.5619 0.846012
sphere: 16.5619 0.846012
sphere: 16.5799 0.848724
sphere: 16.5799 0.848724
sphere: 16.6017 0.851466
sphere: 16.6017 0.851466
sphere: 16.6267 0.854237
sphere: 16.6267 0.854237
sphere: 16.6545 0.857039
sphere: 16.6545 0.857039
sphere: 16.6848 0.859871
sphere: 16.6848 0.859871
sphere: 16.7175 0.862734
sphere: 16.7175 0.862734
sphere: 16.7524 0.865628
sphere: 16.7524 0.865628
sphere: 16.7893 0.868554
sphere: 16.7893 0.868554
sphere: 16.8283 0.871511
sphere: 16.8283 0.871511
sphere: 16.8691 0.874501
sphere: 16.8691 0.874501
sphere: 16.9119 0.877524
sphere: 16.9119 0.877524
sphere: 16.9564 0.880579
sphere: 16.9564 0.880579
sphere: 17.0028 0.883668
sphere: 17.0028 0.883668
sphere: 17.0509 0.88679
sphere: 17.0509 0.88679
sphere: 17.1007 0.889947
sphere: 17.1007 0.889947
sphere: 17.1523 0.893138
sphere: 17.1523 0.893138
sphere: 17.2057 0.896364
sphere: 17.2057 0.896364
sphere: 17.2609 0.899626
sphere: 17.2609 0.899626
sphere: 17.3177 0.902923
sphere: 17.3177 0.902923
sphere: 17.3765 0.906256
sphere: 17.3765 0.906256
sphere: 17.437 0.909626
sphere: 17.437 0.909626
sphere: 17.4994 0.913032
sphere: 17.4994 0.913032
sphere: 17.5637 0.916476
sphere: 17.5637 0.916476
sphere: 17.63 0.919958
sphere: 17.63 0.919958
sphere: 17.6982 0.923478
sphere: 17.6982 0.923478
sphere: 17.7685 0.927037
sphere: 17.7685 0.927037
sphere: 17.8409 0.930635
sphere: 17.8409 0.930635
sphere: 17.9156 0.934272
sphere: 17.9156 0.934272
sphere: 17.9925 0.937949
sphere: 17.9925 0.937949
sphere: 18.0718 0.941667
sphere: 18.0718 0.941667
sphere: 18.1536 0.945426
sphere: 18.1536 0.945426
sphere: 18.238 0.949226
sphere: 18.238 0.949226
sphere: 18.3252 0.953068
sphere: 18.3252 0.953068
sphere: 18.4155 0.956952
sphere: 18.4155 0.956952
sphere: 18.5089 0.960879
sphere: 18.5089 0.960879
sphere: 18.6056 0.964849
sphere: 18.6056 0.964849
sphere: 18.7061 0.968863
sphere: 18.7061 0.968863
sphere: 18.8107 0.972922
sphere: 18.8107 0.972922
sphere: 18.9197 0.977025
sphere: 18.9197 0.977025
sphere: 19.0339 0.981173
sphere: 19.0339 0.981173
sphere: 19.1539 0.985368
sphere: 19.1539 0.985368
sphere: 19.2807 0.989608
sphere: 19.2807 0.989608
sphere: 19.4159 0.993895
sphere: 19.4159 0.993895
sphere: 19.5618 0.99823
sphere: 19.5618 0.99823
sphere: 19.7223 1.00261
sphere: 19.7223 1.00261
sphere: 19.9061 1.00704
sphere: 19.9061 1.00704
sphere: 16.5902 0.824578
sphere: 16.5902 0.824578
sphere: 16.4573 0.827058
sphere: 16.4573 0.827058
sphere: 16.4273 0.829564
sphere: 16.4273 0.829564
sphere: 16.4175 0.832098
sphere: 16.4175 0.832098
sphere: 16.4184 0.834659
sphere: 16.4184 0.834659
sphere: 16.4264 0.837248
sphere: 16.4264 0.837248
sphere: 16.4398 0.839865
sphere: 16.4398 0.839865
sphere: 16.4574 0.842511
sphere: 16.4574 0.842511
sphere: 16.4786 0.845185
sphere: 16.4786 0.845185
sphere: 16.503 0.847888
sphere: 16.503 0.847888
sphere: 16.53 0.85062
sphere: 16.53 0.85062
sphere: 16.5595 0.853382
sphere: 16.5595 0.853382
sphere: 16.5913 0.856174
sphere: 16.5913 0.856174
sphere: 16.6253 0.858997
sphere: 16.6253 0.858997
sphere: 16.6612 0.86185
sphere: 16.6612 0.86185
sphere: 16.6992 0.864734
sphere: 16.6992 0.864734
sphere: 16.739 0.86765
sphere: 16.739 0.86765
sphere: 16.7806 0.870597
sphere: 16.7806 0.870597
sphere: 16.824 0.873576
sphere: 16.824 0.873576
sphere: 16.8691 0.876588
sphere: 16.8691 0.876588
sphere: 16.916 0.879633
sphere: 16.916 0.879633
sphere: 16.9645 0.88271
sphere: 16.9645 0.88271
sphere: 17.0148 0.885822
sphere: 17.0148 0.885822
sphere: 17.0668 0.888967
sphere: 17.0668 0.888967
sphere: 17.1206 0.892147
sphere: 17.1206 0.892147
sphere: 17.176 0.895361
sphere: 17.176 0.895361
sphere: 17.2333 0.898611
sphere: 17.2333 0.898611
sphere: 17.2922 0.901896
sphere: 17.2922 0.901896
sphere: 17.353 0.905217
sphere: 17.353 0.905217
sphere: 17.4157 0.908574
sphere: 17.4157 0.908574
sphere: 17.4803 0.911968
sphere: 17.4803 0.911968
sphere: 17.5468 0.915399
sphere: 17.5468 0.915399
sphere: 17.6153 0.918868
sphere: 17.6153 0.918868
sphere: 17.6859 0.922374
sphere: 17.6859 0.922374
sphere: 17.7587 0.92592
sphere: 17.7587 0.92592
sphere: 17.8336 0.929504
sphere: 17.8336 0.929504
sphere: 17.9109 0.933127
sphere: 17.9109 0.933127
sphere: 17.9907 0.93679
sphere: 17.9907 0.93679
sphere: 18.073 0.940493
sphere: 18.073 0.940493
sphere: 18.158 0.944237
sphere: 18.158 0.944237
sphere: 18.2459 0.948022
sphere: 18.2459 0.948022
sphere: 18.3368 0.951848
sphere: 18.3368 0.951848
sphere: 18.4311 0.955717
sphere: 18.4311 0.955717
sphere: 18.529 0.959628
sphere: 18.529 0.959628
sphere: 18.6308 0.963582
sphere: 18.6308 0.963582
sphere: 18.7369 0.96758
sphere: 18.7369 0.96758
sphere: 18.848 0.971621
sphere: 18.848 0.971621
sphere: 18.9646 0.975707
sphere: 18.9646 0.975707
sphere: 19.0877 0.979838
sphere: 19.0877 0.979838
sphere: 19.219 0.984015
sphere: 19.219 0.984015
sphere: 19.3602 0.988237
sphere: 19.3602 0.988237
sphere: 19.5152 0.992506
sphere: 19.5152 0.992506
sphere: 19.6912 0.996822
sphere: 19.6912 0.996822
sphere: 16.4807 0.818948
sphere: 16.4807 0.818948
sphere: 16.3459 0.821367
sphere: 16.3459 0.821367
sphere: 16.3158 0.823812
sphere: 16.3158 0.823812
sphere: 16.3056 0.826284
sphere: 16.3056 0.826284
sphere: 16.3059 0.828782
sphere: 16.3059 0.828782
sphere: 16.3133 0.831307
sphere: 16.3133 0.831307
sphere: 16.326 0.83386
sphere: 16.326 0.83386
sphere: 16.343 0.83644
sphere: 16.343 0.83644
sphere: 16.3634 0.839048
sphere: 16.3634 0.839048
sphere: 16.3868 0.841685
sphere: 16.3868 0.841685
sphere: 16.413 0.84435
sphere: 16.413 0.84435
sphere: 16.4416 0.847044
sphere: 16.4416 0.847044
sphere: 16.4724 0.849766
sphere: 16.4724 0.849766
sphere: 16.5054 0.852519
sphere: 16.5054 0.852519
sphere: 16.5403 0.855301
sphere: 16.5403 0.855301
sphere: 16.5772 0.858114
sphere: 16.5772 0.858114
sphere: 16.6158 0.860957
sphere: 16.6158 0.860957
sphere: 16.6563 0.863831
sphere: 16.6563 0.863831
sphere: 16.6985 0.866737
sphere: 16.6985 0.866737
sphere: 16.7425 0.869674
sphere: 16.7425 0.869674
sphere: 16.7881 0.872642
sphere: 16.7881 0.872642
sphere: 16.8354 0.875643
sphere: 16.8354 0.875643
sphere: 16.8844 0.878677
sphere: 16.8844 0.878677
sphere: 16.9351 0.881744
sphere: 16.9351 0.881744
sphere: 16.9874 0.884844
sphere: 16.9874 0.884844
sphere: 17.0415 0.887978
sphere: 17.0415 0.887978
sphere: 17.0973 0.891146
sphere: 17.0973 0.891146
sphere: 17.1548 0.894348
sphere: 17.1548 0.894348
sphere: 17.2141 0.897586
sphere: 17.2141 0.897586
sphere: 17.2753 0.900858
sphere: 17.2753 0.900858
sphere: 17.3382 0.904167
sphere: 17.3382 0.904167
sphere: 17.4032 0.907511
sphere: 17.4032 0.907511
sphere: 17.47 0.910892
sphere: 17.47 0.910892
sphere: 17.5388 0.91431
sphere: 17.5388 0.91431
sphere: 17.6098 0.917766
sphere: 17.6098 0.917766
sphere: 17.683 0.921259
sphere: 17.683 0.921259
sphere: 17.7585 0.92479
sphere: 17.7585 0.92479
sphere: 17.8363 0.92836
sphere: 17.8363 0.92836
sphere: 17.9166 0.931969
sphere: 17.9166 0.931969
sphere: 17.9996 0.935618
sphere: 17.9996 0.935618
sphere: 18.0854 0.939306
sphere: 18.0854 0.939306
sphere: 18.1742 0.943035
sphere: 18.1742 0.943035
sphere: 18.2662 0.946804
sphere: 18.2662 0.946804
sphere: 18.3618 0.950615
sphere: 18.3618 0.950615
sphere: 18.4612 0.954468
sphere: 18.4612 0.954468
sphere: 18.5648 0.958363
sphere: 18.5648 0.958363
sphere: 18.6733 0.962301
sphere: 18.6733 0.962301
sphere: 18.7871 0.966281
sphere: 18.7871 0.966281
sphere: 18.9074 0.970306
sphere: 18.9074 0.970306
sphere: 19.0355 0.974375
sphere: 19.0355 0.974375
sphere: 19.1734 0.978488
sphere: 19.1734 0.978488
sphere: 19.3246 0.982646
sphere: 19.3246 0.982646
sphere: 19.4963 0.986851
sphere: 19.4963 0.986851
sphere: 19.7091 0.991101
sphere: 19.7091 0.991101
sphere: 16.2499 0.815806
sphere: 16.2499 0.815806
sphere: 16.2159 0.818191
sphere: 16.2159 0.818191
sphere: 16.2036 0.820603
sphere: 16.2036 0.820603
sphere: 16.2026 0.823039
sphere: 16.2026 0.823039
sphere: 16.2087 0.825503
sphere: 16.2087 0.825503
sphere: 16.2203 0.827993
sphere: 16.2203 0.827993
sphere: 16.2362 0.830509
sphere: 16.2362 0.830509
sphere: 16.2556 0.833053
sphere: 16.2556 0.833053
sphere: 16.278 0.835625
sphere: 16.278 0.835625
sphere: 16.3031 0.838224
sphere: 16.3031 0.838224
sphere: 16.3307 0.840851
sphere: 16.3307 0.840851
sphere: 16.3604 0.843507
sphere: 16.3604 0.843507
sphere: 16.3923 0.846192
sphere: 16.3923 0.846192
sphere: 16.4262 0.848905
sphere: 16.4262 0.848905
sphere: 16.4619 0.851648
sphere: 16.4619 0.851648
sphere: 16.4995 0.854421
sphere: 16.4995 0.854421
sphere: 16.5388 0.857224
sphere: 16.5388 0.857224
sphere: 16.5798 0.860057
sphere: 16.5798 0.860057
sphere: 16.6226 0.86292
sphere: 16.6226 0.86292
sphere: 16.667 0.865815
sphere: 16.667 0.865815
sphere: 16.7131 0.868742
sphere: 16.7131 0.868742
sphere: 16.7608 0.871699
sphere: 16.7608 0.871699
sphere: 16.8102 0.87469
sphere: 16.8102 0.87469
sphere: 16.8612 0.877712
sphere: 16.8612 0.877712
sphere: 16.9139 0.880768
sphere: 16.9139 0.880768
sphere: 16.9683 0.883856
sphere: 16.9683 0.883856
sphere: 17.0244 0.886978
sphere: 17.0244 0.886978
sphere: 17.0824 0.890135
sphere: 17.0824 0.890135
sphere: 17.142 0.893325
sphere: 17.142 0.893325
sphere: 17.2035 0.89655
sphere: 17.2035 0.89655
sphere: 17.2669 0.899811
sphere: 17.2669 0.899811
sphere: 17.3322 0.903106
sphere: 17.3322 0.903106
sphere: 17.3994 0.906438
sphere: 17.3994 0.906438
sphere: 17.4688 0.909806
sphere: 17.4688 0.909806
sphere: 17.5402 0.913211
sphere: 17.5402 0.913211
sphere: 17.614 0.916653
sphere: 17.614 0.916653
sphere: 17.6901 0.920132
sphere: 17.6901 0.920132
sphere: 17.7686 0.923649
sphere: 17.7686 0.923649
sphere: 17.8497 0.927205
sphere: 17.8497 0.927205
sphere: 17.9337 0.930799
sphere: 17.9337 0.930799
sphere: 18.0206 0.934433
sphere: 18.0206 0.934433
sphere: 18.1106 0.938106
sphere: 18.1106 0.938106
sphere: 18.2041 0.94182
sphere: 18.2041 0.94182
sphere: 18.3015 0.945574
sphere: 18.3015 0.945574
sphere: 18.403 0.949369
sphere: 18.403 0.949369
sphere: 18.5093 0.953206
sphere: 18.5093 0.953206
sphere: 18.6209 0.957084
sphere: 18.6209 0.957084
sphere: 18.739 0.961005
sphere: 18.739 0.961005
sphere: 18.8649 0.964969
sphere: 18.8649 0.964969
sphere: 19.0007 0.968976
sphere: 19.0007 0.968976
sphere: 19.1499 0.973027
sphere: 19.1499 0.973027
sphere: 19.3204 0.977123
sphere: 19.3204 0.977123
sphere: 19.5359 0.981263
sphere: 19.5359 0.981263
sphere: 16.1719 0.810373
sphere: 16.1719 0.810373
sphere: 16.1281 0.8127
sphere: 16.1281 0.8127
sphere: 16.1119 0.815052
sphere: 16.1119 0.815052
sphere: 16.1082 0.817429
sphere: 16.1082 0.817429
sphere: 16.1126 0.819832
sphere: 16.1126 0.819832
sphere: 16.1227 0.822261
sphere: 16.1227 0.822261
sphere: 16.1371 0.824715
sphere: 16.1371 0.824715
sphere: 16.1552 0.827197
sphere: 16.1552 0.827197
sphere: 16.1763 0.829705
sphere: 16.1763 0.829705
sphere: 16.2003 0.83224
sphere: 16.2003 0.83224
sphere: 16.2267 0.834803
sphere: 16.2267 0.834803
sphere: 16.2552 0.837393
sphere: 16.2552 0.837393
sphere: 16.286 0.840011
sphere: 16.286 0.840011
sphere: 16.3187 0.842658
sphere: 16.3187 0.842658
sphere: 16.3533 0.845332
sphere: 16.3533 0.845332
sphere: 16.3897 0.848036
sphere: 16.3897 0.848036
sphere: 16.4278 0.850769
sphere: 16.4278 0.850769
sphere: 16.4677 0.853532
sphere: 16.4677 0.853532
sphere: 16.5093 0.856325
sphere: 16.5093 0.856325
sphere: 16.5525 0.859148
sphere: 16.5525 0.859148
sphere: 16.5973 0.862001
sphere: 16.5973 0.862001
sphere: 16.6438 0.864885
sphere: 16.6438 0.864885
sphere: 16.6919 0.867801
sphere: 16.6919 0.867801
sphere: 16.7417 0.870748
sphere: 16.7417 0.870748
sphere: 16.7931 0.873727
sphere: 16.7931 0.873727
sphere: 16.8462 0.876738
sphere: 16.8462 0.876738
sphere: 16.901 0.879782
sphere: 16.901 0.879782
sphere: 16.9575 0.882859
sphere: 16.9575 0.882859
sphere: 17.0158 0.885969
sphere: 17.0158 0.885969
sphere: 17.0758 0.889114
sphere: 17.0758 0.889114
sphere: 17.1378 0.892292
sphere: 17.1378 0.892292
sphere: 17.2016 0.895505
sphere: 17.2016 0.895505
sphere: 17.2674 0.898752
sphere: 17.2674 0.898752
sphere: 17.3352 0.902035
sphere: 17.3352 0.902035
sphere: 17.4051 0.905354
sphere: 17.4051 0.905354
sphere: 17.4773 0.908709
sphere: 17.4773 0.908709
sphere: 17.5518 0.9121
sphere: 17.5518 0.9121
sphere: 17.6287 0.915528
sphere: 17.6287 0.915528
sphere: 17.7082 0.918994
sphere: 17.7082 0.918994
sphere: 17.7905 0.922497
sphere: 17.7905 0.922497
sphere: 17.8756 0.926038
sphere: 17.8756 0.926038
sphere: 17.964 0.929618
sphere: 17.964 0.929618
sphere: 18.0558 0.933236
sphere: 18.0558 0.933236
sphere: 18.1514 0.936894
sphere: 18.1514 0.936894
sphere: 18.2512 0.940592
sphere: 18.2512 0.940592
sphere: 18.3557 0.944331
sphere: 18.3557 0.944331
sphere: 18.4658 0.94811
sphere: 18.4658 0.94811
sphere: 18.5823 0.95193
sphere: 18.5823 0.95193
sphere: 18.7068 0.955792
sphere: 18.7068 0.955792
sphere: 18.8416 0.959696
sphere: 18.8416 0.959696
sphere: 18.991 0.963643
sphere: 18.991 0.963643
sphere: 19.1643 0.967632
sphere: 19.1643 0.967632
sphere: 19.3963 0.971666
sphere: 19.3963 0.971666
sphere: 16.126 0.805065
sphere: 16.126 0.805065
sphere: 16.0547 0.807335
sphere: 16.0547 0.807335
sphere: 16.0312 0.809629
sphere: 16.0312 0.809629
sphere: 16.0236 0.811948
sphere: 16.0236 0.811948
sphere: 16.0251 0.814292
sphere: 16.0251 0.814292
sphere: 16.033 0.816661
sphere: 16.033 0.816661
sphere: 16.0456 0.819055
sphere: 16.0456 0.819055
sphere: 16.0622 0.821476
sphere: 16.0622 0.821476
sphere: 16.0819 0.823922
sphere: 16.0819 0.823922
sphere: 16.1044 0.826395
sphere: 16.1044 0.826395
sphere: 16.1295 0.828894
sphere: 16.1295 0.828894
sphere: 16.1569 0.83142
sphere: 16.1569 0.83142
sphere: 16.1864 0.833974
sphere: 16.1864 0.833974
sphere: 16.2179 0.836555
sphere: 16.2179 0.836555
sphere: 16.2512 0.839163
sphere: 16.2512 0.839163
sphere: 16.2865 0.8418
sphere: 16.2865 0.8418
sphere: 16.3234 0.844466
sphere: 16.3234 0.844466
sphere: 16.3621 0.84716
sphere: 16.3621 0.84716
sphere: 16.4025 0.849883
sphere: 16.4025 0.849883
sphere: 16.4445 0.852636
sphere: 16.4445 0.852636
sphere: 16.4881 0.855418
sphere: 16.4881 0.855418
sphere: 16.5334 0.858231
sphere: 16.5334 0.858231
sphere: 16.5802 0.861073
sphere: 16.5802 0.861073
sphere: 16.6288 0.863947
sphere: 16.6288 0.863947
sphere: 16.6789 0.866852
sphere: 16.6789 0.866852
sphere: 16.7307 0.869788
sphere: 16.7307 0.869788
sphere: 16.7843 0.872756
sphere: 16.7843 0.872756
sphere: 16.8394 0.875755
sphere: 16.8394 0.875755
sphere: 16.8964 0.878788
sphere: 16.8964 0.878788
sphere: 16.9551 0.881853
sphere: 16.9551 0.881853
sphere: 17.0157 0.884951
sphere: 17.0157 0.884951
sphere: 17.0782 0.888083
sphere: 17.0782 0.888083
sphere: 17.1426 0.891249
sphere: 17.1426 0.891249
sphere: 17.209 0.894449
sphere: 17.209 0.894449
sphere: 17.2775 0.897684
sphere: 17.2775 0.897684
sphere: 17.3482 0.900954
sphere: 17.3482 0.900954
sphere: 17.4213 0.90426
sphere: 17.4213 0.90426
sphere: 17.4968 0.907601
sphere: 17.4968 0.907601
sphere: 17.5748 0.910978
sphere: 17.5748 0.910978
sphere: 17.6556 0.914393
sphere: 17.6556 0.914393
sphere: 17.7393 0.917844
sphere: 17.7393 0.917844
sphere: 17.8262 0.921333
sphere: 17.8262 0.921333
sphere: 17.9166 0.924859
sphere: 17.9166 0.924859
sphere: 18.0108 0.928424
sphere: 18.0108 0.928424
sphere: 18.1092 0.932028
sphere: 18.1092 0.932028
sphere: 18.2126 0.93567
sphere: 18.2126 0.93567
sphere: 18.3216 0.939353
sphere: 18.3216 0.939353
sphere: 18.4374 0.943075
sphere: 18.4374 0.943075
sphere: 18.5617 0.946838
sphere: 18.5617 0.946838
sphere: 18.6972 0.950642
sphere: 18.6972 0.950642
sphere: 18.8493 0.954487
sphere: 18.8493 0.954487
sphere: 19.0314 0.958374
sphere: 19.0314 0.958374
sphere: 16.0026 0.802093
sphere: 16.0026 0.802093
sphere: 15.9639 0.804331
sphere: 15.9639 0.804331
sphere: 15.9497 0.806593
sphere: 15.9497 0.806593
sphere: 15.9472 0.808879
sphere: 15.9472 0.808879
sphere: 15.952 0.81119
sphere: 15.952 0.81119
sphere: 15.9623 0.813525
sphere: 15.9623 0.813525
sphere: 15.9767 0.815886
sphere: 15.9767 0.815886
sphere: 15.9948 0.818272
sphere: 15.9948 0.818272
sphere: 16.0157 0.820684
sphere: 16.0157 0.820684
sphere: 16.0393 0.823122
sphere: 16.0393 0.823122
sphere: 16.0652 0.825586
sphere: 16.0652 0.825586
sphere: 16.0934 0.828076
sphere: 16.0934 0.828076
sphere: 16.1236 0.830593
sphere: 16.1236 0.830593
sphere: 16.1558 0.833138
sphere: 16.1558 0.833138
sphere: 16.1897 0.835709
sphere: 16.1897 0.835709
sphere: 16.2255 0.838309
sphere: 16.2255 0.838309
sphere: 16.2629 0.840936
sphere: 16.2629 0.840936
sphere: 16.3021 0.843592
sphere: 16.3021 0.843592
sphere: 16.3429 0.846276
sphere: 16.3429 0.846276
sphere: 16.3853 0.848989
sphere: 16.3853 0.848989
sphere: 16.4294 0.851732
sphere: 16.4294 0.851732
sphere: 16.475 0.854504
sphere: 16.475 0.854504
sphere: 16.5224 0.857306
sphere: 16.5224 0.857306
sphere: 16.5713 0.860138
sphere: 16.5713 0.860138
sphere: 16.6219 0.863
sphere: 16.6219 0.863
sphere: 16.6741 0.865894
sphere: 16.6741 0.865894
sphere: 16.7281 0.868819
sphere: 16.7281 0.868819
sphere: 16.7838 0.871775
sphere: 16.7838 0.871775
sphere: 16.8413 0.874764
sphere: 16.8413 0.874764
sphere: 16.9006 0.877784
sphere: 16.9006 0.877784
sphere: 16.9618 0.880837
sphere: 16.9618 0.880837
sphere: 17.0249 0.883924
sphere: 17.0249 0.883924
sphere: 17.0901 0.887043
sphere: 17.0901 0.887043
sphere: 17.1573 0.890197
sphere: 17.1573 0.890197
sphere: 17.2268 0.893384
sphere: 17.2268 0.893384
sphere: 17.2985 0.896606
sphere: 17.2985 0.896606
sphere: 17.3727 0.899863
sphere: 17.3727 0.899863
sphere: 17.4495 0.903155
sphere: 17.4495 0.903155
sphere: 17.529 0.906483
sphere: 17.529 0.906483
sphere: 17.6115 0.909846
sphere: 17.6115 0.909846
sphere: 17.6973 0.913246
sphere: 17.6973 0.913246
sphere: 17.7866 0.916683
sphere: 17.7866 0.916683
sphere: 17.8797 0.920157
sphere: 17.8797 0.920157
sphere: 17.9774 0.923669
sphere: 17.9774 0.923669
sphere: 18.0801 0.927219
sphere: 18.0801 0.927219
sphere: 18.1888 0.930807
sphere: 18.1888 0.930807
sphere: 18.3049 0.934434
sphere: 18.3049 0.934434
sphere: 18.4303 0.938101
sphere: 18.4303 0.938101
sphere: 18.5687 0.941807
sphere: 18.5687 0.941807
sphere: 18.7282 0.945553
sphere: 18.7282 0.945553
sphere: 18.9354 0.94934
sphere: 18.9354 0.94934
sphere: 16.033 0.796971
sphere: 16.033 0.796971
sphere: 15.9164 0.799154
sphere: 15.9164 0.799154
sphere: 15.8892 0.801361
sphere: 15.8892 0.801361
sphere: 15.8801 0.803591
sphere: 15.8801 0.803591
sphere: 15.8806 0.805845
sphere: 15.8806 0.805845
sphere: 15.8877 0.808123
sphere: 15.8877 0.808123
sphere: 15.8995 0.810426
sphere: 15.8995 0.810426
sphere: 15.9154 0.812754
sphere: 15.9154 0.812754
sphere: 15.9344 0.815106
sphere: 15.9344 0.815106
sphere: 15.9563 0.817484
sphere: 15.9563 0.817484
sphere: 15.9807 0.819887
sphere: 15.9807 0.819887
sphere: 16.0074 0.822316
sphere: 16.0074 0.822316
sphere: 16.0361 0.824771
sphere: 16.0361 0.824771
sphere: 16.0669 0.827252
sphere: 16.0669 0.827252
sphere: 16.0995 0.82976
sphere: 16.0995 0.82976
sphere: 16.134 0.832295
sphere: 16.134 0.832295
sphere: 16.1703 0.834857
sphere: 16.1703 0.834857
sphere: 16.2082 0.837447
sphere: 16.2082 0.837447
sphere: 16.2478 0.840065
sphere: 16.2478 0.840065
sphere: 16.289 0.842711
sphere: 16.289 0.842711
sphere: 16.3319 0.845385
sphere: 16.3319 0.845385
sphere: 16.3764 0.848088
sphere: 16.3764 0.848088
sphere: 16.4225 0.85082
sphere: 16.4225 0.85082
sphere: 16.4703 0.853582
sphere: 16.4703 0.853582
sphere: 16.5197 0.856373
sphere: 16.5197 0.856373
sphere: 16.5708 0.859194
sphere: 16.5708 0.859194
sphere: 16.6236 0.862046
sphere: 16.6236 0.862046
sphere: 16.6781 0.864928
sphere: 16.6781 0.864928
sphere: 16.7344 0.867842
sphere: 16.7344 0.867842
sphere: 16.7925 0.870787
sphere: 16.7925 0.870787
sphere: 16.8525 0.873763
sphere: 16.8525 0.873763
sphere: 16.9145 0.876772
sphere: 16.9145 0.876772
sphere: 16.9785 0.879813
sphere: 16.9785 0.879813
sphere: 17.0446 0.882887
sphere: 17.0446 0.882887
sphere: 17.1129 0.885994
sphere: 17.1129 0.885994
sphere: 17.1836 0.889135
sphere: 17.1836 0.889135
sphere: 17.2567 0.89231
sphere: 17.2567 0.89231
sphere: 17.3324 0.895518
sphere: 17.3324 0.895518
sphere: 17.4109 0.898762
sphere: 17.4109 0.898762
sphere: 17.4925 0.90204
sphere: 17.4925 0.90204
sphere: 17.5774 0.905354
sphere: 17.5774 0.905354
sphere: 17.666 0.908704
sphere: 17.666 0.908704
sphere: 17.7587 0.91209
sphere: 17.7587 0.91209
sphere: 17.8561 0.915512
sphere: 17.8561 0.915512
sphere: 17.9588 0.918971
sphere: 17.9588 0.918971
sphere: 18.0683 0.922468
sphere: 18.0683 0.922468
sphere: 18.1861 0.926003
sphere: 18.1861 0.926003
sphere: 18.3148 0.929575
sphere: 18.3148 0.929575
sphere: 18.4605 0.933187
sphere: 18.4605 0.933187
sphere: 18.6387 0.936837
sphere: 18.6387 0.936837
sphere: 15.9213 0.794097
sphere: 15.9213 0.794097
sphere: 15.8495 0.79625
sphere: 15.8495 0.79625
sphere: 15.8273 0.798425
sphere: 15.8273 0.798425
sphere: 15.8208 0.800624
sphere: 15.8208 0.800624
sphere: 15.8231 0.802846
sphere: 15.8231 0.802846
sphere: 15.8316 0.805092
sphere: 15.8316 0.805092
sphere: 15.8445 0.807362
sphere: 15.8445 0.807362
sphere: 15.8612 0.809657
sphere: 15.8612 0.809657
sphere: 15.881 0.811976
sphere: 15.881 0.811976
sphere: 15.9035 0.81432
sphere: 15.9035 0.81432
sphere: 15.9285 0.816689
sphere: 15.9285 0.816689
sphere: 15.9558 0.819083
sphere: 15.9558 0.819083
sphere: 15.9851 0.821503
sphere: 15.9851 0.821503
sphere: 16.0163 0.82395
sphere: 16.0163 0.82395
sphere: 16.0494 0.826422
sphere: 16.0494 0.826422
sphere: 16.0843 0.828921
sphere: 16.0843 0.828921
sphere: 16.121 0.831446
sphere: 16.121 0.831446
sphere: 16.1593 0.833999
sphere: 16.1593 0.833999
sphere: 16.1993 0.836579
sphere: 16.1993 0.836579
sphere: 16.241 0.839187
sphere: 16.241 0.839187
sphere: 16.2843 0.841823
sphere: 16.2843 0.841823
sphere: 16.3293 0.844487
sphere: 16.3293 0.844487
sphere: 16.3759 0.84718
sphere: 16.3759 0.84718
sphere: 16.4242 0.849901
sphere: 16.4242 0.849901
sphere: 16.4742 0.852652
sphere: 16.4742 0.852652
sphere: 16.5258 0.855433
sphere: 16.5258 0.855433
sphere: 16.5792 0.858243
sphere: 16.5792 0.858243
sphere: 16.6345 0.861084
sphere: 16.6345 0.861084
sphere: 16.6915 0.863955
sphere: 16.6915 0.863955
sphere: 16.7505 0.866857
sphere: 16.7505 0.866857
sphere: 16.8114 0.86979
sphere: 16.8114 0.86979
sphere: 16.8743 0.872755
sphere: 16.8743 0.872755
sphere: 16.9395 0.875751
sphere: 16.9395 0.875751
sphere: 17.0068 0.87878
sphere: 17.0068 0.87878
sphere: 17.0766 0.881842
sphere: 17.0766 0.881842
sphere: 17.1488 0.884936
sphere: 17.1488 0.884936
sphere: 17.2237 0.888064
sphere: 17.2237 0.888064
sphere: 17.3016 0.891225
sphere: 17.3016 0.891225
sphere: 17.3826 0.894421
sphere: 17.3826 0.894421
sphere: 17.4671 0.897651
sphere: 17.4671 0.897651
sphere: 17.5555 0.900915
sphere: 17.5555 0.900915
sphere: 17.6483 0.904215
sphere: 17.6483 0.904215
sphere: 17.7462 0.907551
sphere: 17.7462 0.907551
sphere: 17.8502 0.910922
sphere: 17.8502 0.910922
sphere: 17.9618 0.91433
sphere: 17.9618 0.91433
sphere: 18.0835 0.917774
sphere: 18.0835 0.917774
sphere: 18.2201 0.921256
sphere: 18.2201 0.921256
sphere: 18.3836 0.924775
sphere: 18.3836 0.924775
sphere: 15.87 0.791256
sphere: 15.87 0.791256
sphere: 15.7984 0.793378
sphere: 15.7984 0.793378
sphere: 15.7773 0.795523
sphere: 15.7773 0.795523
sphere: 15.7716 0.797691
sphere: 15.7716 0.797691
sphere: 15.7746 0.799882
sphere: 15.7746 0.799882
sphere: 15.7837 0.802096
sphere: 15.7837 0.802096
sphere: 15.7972 0.804334
sphere: 15.7972 0.804334
sphere: 15.8143 0.806596
sphere: 15.8143 0.806596
sphere: 15.8346 0.808882
sphere: 15.8346 0.808882
sphere: 15.8575 0.811193
sphere: 15.8575 0.811193
sphere: 15.8829 0.813528
sphere: 15.8829 0.813528
sphere: 15.9106 0.815888
sphere: 15.9106 0.815888
sphere: 15.9403 0.818274
sphere: 15.9403 0.818274
sphere: 15.9719 0.820685
sphere: 15.9719 0.820685
sphere: 16.0054 0.823122
sphere: 16.0054 0.823122
sphere: 16.0408 0.825585
sphere: 16.0408 0.825585
sphere: 16.0778 0.828075
sphere: 16.0778 0.828075
sphere: 16.1166 0.830591
sphere: 16.1166 0.830591
sphere: 16.1571 0.833134
sphere: 16.1571 0.833134
sphere: 16.1992 0.835704
sphere: 16.1992 0.835704
sphere: 16.2431 0.838302
sphere: 16.2431 0.838302
sphere: 16.2885 0.840928
sphere: 16.2885 0.840928
sphere: 16.3357 0.843581
sphere: 16.3357 0.843581
sphere: 16.3846 0.846264
sphere: 16.3846 0.846264
sphere: 16.4352 0.848975
sphere: 16.4352 0.848975
sphere: 16.4876 0.851715
sphere: 16.4876 0.851715
sphere: 16.5418 0.854485
sphere: 16.5418 0.854485
sphere: 16.598 0.857284
sphere: 16.598 0.857284
sphere: 16.656 0.860113
sphere: 16.656 0.860113
sphere: 16.716 0.862973
sphere: 16.716 0.862973
sphere: 16.778 0.865863
sphere: 16.778 0.865863
sphere: 16.8424 0.868785
sphere: 16.8424 0.868785
sphere: 16.909 0.871737
sphere: 16.909 0.871737
sphere: 16.978 0.874722
sphere: 16.978 0.874722
sphere: 17.0497 0.877738
sphere: 17.0497 0.877738
sphere: 17.1242 0.880787
sphere: 17.1242 0.880787
sphere: 17.2017 0.883869
sphere: 17.2017 0.883869
sphere: 17.2825 0.886984
sphere: 17.2825 0.886984
sphere: 17.3672 0.890132
sphere: 17.3672 0.890132
sphere: 17.4561 0.893314
sphere: 17.4561 0.893314
sphere: 17.5498 0.89653
sphere: 17.5498 0.89653
sphere: 17.6495 0.899781
sphere: 17.6495 0.899781
sphere: 17.7564 0.903067
sphere: 17.7564 0.903067
sphere: 17.873 0.906388
sphere: 17.873 0.906388
sphere: 18.004 0.909744
sphere: 18.004 0.909744
sphere: 18.1606 0.913137
sphere: 18.1606 0.913137
sphere: 15.7643 0.79054
sphere: 15.7643 0.79054
sphere: 15.7398 0.792655
sphere: 15.7398 0.792655
sphere: 15.7329 0.794792
sphere: 15.7329 0.794792
sphere: 15.7356 0.796952
sphere: 15.7356 0.796952
sphere: 15.7445 0.799134
sphere: 15.7445 0.799134
sphere: 15.758 0.801341
sphere: 15.758 0.801341
sphere: 15.7752 0.803571
sphere: 15.7752 0.803571
sphere: 15.7956 0.805824
sphere: 15.7956 0.805824
sphere: 15.8187 0.808102
sphere: 15.8187 0.808102
sphere: 15.8444 0.810404
sphere: 15.8444 0.810404
sphere: 15.8723 0.812731
sphere: 15.8723 0.812731
sphere: 15.9023 0.815082
sphere: 15.9023 0.815082
sphere: 15.9342 0.817459
sphere: 15.9342 0.817459
sphere: 15.9681 0.819861
sphere: 15.9681 0.819861
sphere: 16.0038 0.822289
sphere: 16.0038 0.822289
sphere: 16.0413 0.824742
sphere: 16.0413 0.824742
sphere: 16.0806 0.827222
sphere: 16.0806 0.827222
sphere: 16.1215 0.829729
sphere: 16.1215 0.829729
sphere: 16.1642 0.832262
sphere: 16.1642 0.832262
sphere: 16.2085 0.834822
sphere: 16.2085 0.834822
sphere: 16.2547 0.83741
sphere: 16.2547 0.83741
sphere: 16.3025 0.840026
sphere: 16.3025 0.840026
sphere: 16.3522 0.842669
sphere: 16.3522 0.842669
sphere: 16.4036 0.845341
sphere: 16.4036 0.845341
sphere: 16.457 0.848041
sphere: 16.457 0.848041
sphere: 16.5122 0.850771
sphere: 16.5122 0.850771
sphere: 16.5694 0.853529
sphere: 16.5694 0.853529
sphere: 16.6287 0.856317
sphere: 16.6287 0.856317
sphere: 16.6901 0.859135
sphere: 16.6901 0.859135
sphere: 16.7539 0.861983
sphere: 16.7539 0.861983
sphere: 16.8199 0.864862
sphere: 16.8199 0.864862
sphere: 16.8886 0.867771
sphere: 16.8886 0.867771
sphere: 16.96 0.870712
sphere: 16.96 0.870712
sphere: 17.0345 0.873684
sphere: 17.0345 0.873684
sphere: 17.1122 0.876688
sphere: 17.1122 0.876688
sphere: 17.1937 0.879724
sphere: 17.1937 0.879724
sphere: 17.2792 0.882793
sphere: 17.2792 0.882793
sphere: 17.3697 0.885894
sphere: 17.3697 0.885894
sphere: 17.466 0.889029
sphere: 17.466 0.889029
sphere: 17.5697 0.892198
sphere: 17.5697 0.892198
sphere: 17.6833 0.8954
sphere: 17.6833 0.8954
sphere: 17.8117 0.898637
sphere: 17.8117 0.898637
sphere: 17.9689 0.901908
sphere: 17.9689 0.901908
sphere: 15.7568 0.787735
sphere: 15.7568 0.787735
sphere: 15.718 0.789819
sphere: 15.718 0.789819
sphere: 15.7068 0.791926
sphere: 15.7068 0.791926
sphere: 15.7073 0.794055
sphere: 15.7073 0.794055
sphere: 15.7149 0.796208
sphere: 15.7149 0.796208
sphere: 15.7277 0.798382
sphere: 15.7277 0.798382
sphere: 15.7446 0.80058
sphere: 15.7446 0.80058
sphere: 15.7648 0.802802
sphere: 15.7648 0.802802
sphere: 15.788 0.805047
sphere: 15.788 0.805047
sphere: 15.8136 0.807316
sphere: 15.8136 0.807316
sphere: 15.8417 0.80961
sphere: 15.8417 0.80961
sphere: 15.8718 0.811928
sphere: 15.8718 0.811928
sphere: 15.9041 0.81427
sphere: 15.9041 0.81427
sphere: 15.9382 0.816638
sphere: 15.9382 0.816638
sphere: 15.9743 0.819031
sphere: 15.9743 0.819031
sphere: 16.0122 0.821449
sphere: 16.0122 0.821449
sphere: 16.0519 0.823893
sphere: 16.0519 0.823893
sphere: 16.0934 0.826364
sphere: 16.0934 0.826364
sphere: 16.1368 0.828861
sphere: 16.1368 0.828861
sphere: 16.1818 0.831384
sphere: 16.1818 0.831384
sphere: 16.2287 0.833934
sphere: 16.2287 0.833934
sphere: 16.2774 0.836512
sphere: 16.2774 0.836512
sphere: 16.3281 0.839117
sphere: 16.3281 0.839117
sphere: 16.3807 0.84175
sphere: 16.3807 0.84175
sphere: 16.4352 0.844411
sphere: 16.4352 0.844411
sphere: 16.4917 0.847101
sphere: 16.4917 0.847101
sphere: 16.5505 0.849819
sphere: 16.5505 0.849819
sphere: 16.6115 0.852566
sphere: 16.6115 0.852566
sphere: 16.675 0.855343
sphere: 16.675 0.855343
sphere: 16.7409 0.85815
sphere: 16.7409 0.85815
sphere: 16.8097 0.860986
sphere: 16.8097 0.860986
sphere: 16.8814 0.863853
sphere: 16.8814 0.863853
sphere: 16.9565 0.86675
sphere: 16.9565 0.86675
sphere: 17.0353 0.869678
sphere: 17.0353 0.869678
sphere: 17.1183 0.872638
sphere: 17.1183 0.872638
sphere: 17.2064 0.875629
sphere: 17.2064 0.875629
sphere: 17.3006 0.878653
sphere: 17.3006 0.878653
sphere: 17.4025 0.881708
sphere: 17.4025 0.881708
sphere: 17.5155 0.884797
sphere: 17.5155 0.884797
sphere: 17.6463 0.887918
sphere: 17.6463 0.887918
sphere: 17.8221 0.891072
sphere: 17.8221 0.891072
sphere: 15.7235 0.787017
sphere: 15.7235 0.787017
sphere: 15.6983 0.789094
sphere: 15.6983 0.789094
sphere: 15.6931 0.791193
sphere: 15.6931 0.791193
sphere: 15.6977 0.793315
sphere: 15.6977 0.793315
sphere: 15.7087 0.795459
sphere: 15.7087 0.795459
sphere: 15.7244 0.797625
sphere: 15.7244 0.797625
sphere: 15.7438 0.799815
sphere: 15.7438 0.799815
sphere: 15.7666 0.802028
sphere: 15.7666 0.802028
sphere: 15.792 0.804265
sphere: 15.792 0.804265
sphere: 15.8199 0.806526
sphere: 15.8199 0.806526
sphere: 15.8502 0.80881
sphere: 15.8502 0.80881
sphere: 15.8826 0.811119
sphere: 15.8826 0.811119
sphere: 15.917 0.813453
sphere: 15.917 0.813453
sphere: 15.9534 0.815811
sphere: 15.9534 0.815811
sphere: 15.9918 0.818195
sphere: 15.9918 0.818195
sphere: 16.0321 0.820604
sphere: 16.0321 0.820604
sphere: 16.0743 0.823039
sphere: 16.0743 0.823039
sphere: 16.1183 0.8255
sphere: 16.1183 0.8255
sphere: 16.1643 0.827986
sphere: 16.1643 0.827986
sphere: 16.2123 0.8305
sphere: 16.2123 0.8305
sphere: 16.2621 0.83304
sphere: 16.2621 0.83304
sphere: 16.3141 0.835607
sphere: 16.3141 0.835607
sphere: 16.3682 0.838202
sphere: 16.3682 0.838202
sphere: 16.4244 0.840824
sphere: 16.4244 0.840824
sphere: 16.4829 0.843475
sphere: 16.4829 0.843475
sphere: 16.5439 0.846153
sphere: 16.5439 0.846153
sphere: 16.6075 0.84886
sphere: 16.6075 0.84886
sphere: 16.674 0.851597
sphere: 16.674 0.851597
sphere: 16.7435 0.854362
sphere: 16.7435 0.854362
sphere: 16.8165 0.857156
sphere: 16.8165 0.857156
sphere: 17.3756 0.874562
sphere: 17.3756 0.874562
sphere: 17.5232 0.877573
sphere: 17.5232 0.877573
sphere: 15.7282 0.786296
sphere: 15.7282 0.786296
sphere: 15.7028 0.788365
sphere: 15.7028 0.788365
sphere: 15.699 0.790456
sphere: 15.699 0.790456
sphere: 15.7054 0.792569
sphere: 15.7054 0.792569
sphere: 15.7183 0.794705
sphere: 15.7183 0.794705
sphere: 15.7359 0.796863
sphere: 15.7359 0.796863
sphere: 15.7574 0.799045
sphere: 15.7574 0.799045
sphere: 15.782 0.80125
sphere: 15.782 0.80125
sphere: 15.8095 0.803478
sphere: 15.8095 0.803478
sphere: 15.8396 0.80573
sphere: 15.8396 0.80573
sphere: 15.8719 0.808006
sphere: 15.8719 0.808006
sphere: 15.9067 0.810306
sphere: 15.9067 0.810306
sphere: 15.9435 0.81263
sphere: 15.9435 0.81263
sphere: 15.9823 0.814979
sphere: 15.9823 0.814979
sphere: 16.0234 0.817354
sphere: 16.0234 0.817354
sphere: 16.0664 0.819753
sphere: 16.0664 0.819753
sphere: 16.1116 0.822178
sphere: 16.1116 0.822178
sphere: 16.1588 0.824629
sphere: 16.1588 0.824629
sphere: 16.2082 0.827106
sphere: 16.2082 0.827106
sphere: 16.2597 0.829609
sphere: 16.2597 0.829609
sphere: 16.3136 0.832139
sphere: 16.3136 0.832139
sphere: 16.3699 0.834696
sphere: 16.3699 0.834696
sphere: 16.4287 0.83728
sphere: 16.4287 0.83728
sphere: 16.4903 0.839892
sphere: 16.4903 0.839892
sphere: 16.5549 0.842531
sphere: 16.5549 0.842531
sphere: 16.623 0.845199
sphere: 16.623 0.845199
sphere: 15.7422 0.787631
sphere: 15.7422 0.787631
sphere: 15.7314 0.789714
sphere: 15.7314 0.789714
sphere: 15.7357 0.791819
sphere: 15.7357 0.791819
sphere: 15.7483 0.793947
sphere: 15.7483 0.793947
sphere: 15.7667 0.796097
sphere: 15.7667 0.796097
sphere: 15.7893 0.79827
sphere: 15.7893 0.79827
sphere: 15.8155 0.800466
sphere: 15.8155 0.800466
sphere: 15.8448 0.802686
sphere: 15.8448 0.802686
sphere: 15.877 0.804929
sphere: 15.877 0.804929
sphere: 15.9116 0.807196
sphere: 15.9116 0.807196
sphere: 15.9488 0.809487
sphere: 15.9488 0.809487
sphere: 15.9884 0.811802
sphere: 15.9884 0.811802
sphere: 16.0304 0.814142
sphere: 16.0304 0.814142
sphere: 16.0747 0.816507
sphere: 16.0747 0.816507
sphere: 16.1214 0.818896
sphere: 16.1214 0.818896
sphere: 16.1705 0.821312
sphere: 16.1705 0.821312
sphere: 16.2222 0.823753
sphere: 16.2222 0.823753
sphere: 16.2765 0.82622
sphere: 16.2765 0.82622
sphere: 16.3336 0.828713
sphere: 16.3336 0.828713
sphere: 16.3939 0.831232
sphere: 16.3939 0.831232
sphere: 16.4577 0.833779
sphere: 16.4577 0.833779
sphere: 16.5253 0.836352
sphere: 16.5253 0.836352
sphere: 16.5975 0.838953
sphere: 16.5975 0.838953
sphere: 16.6752 0.841582
sphere: 16.6752 0.841582
sphere: 15.842 0.788967
sphere: 15.842 0.788967
sphere: 15.8127 0.791064
sphere: 15.8127 0.791064
sphere: 15.8162 0.793184
sphere: 15.8162 0.793184
sphere: 15.831 0.795326
sphere: 15.831 0.795326
sphere: 15.8524 0.79749
sphere: 15.8524 0.79749
sphere: 15.8788 0.799678
sphere: 15.8788 0.799678
sphere: 15.9093 0.801889
sphere: 15.9093 0.801889
sphere: 15.9434 0.804123
sphere: 15.9434 0.804123
sphere: 15.9808 0.806381
sphere: 15.9808 0.806381
sphere: 16.0212 0.808662
sphere: 16.0212 0.808662
sphere: 16.0647 0.810968
sphere: 16.0647 0.810968
sphere: 16.1112 0.813299
sphere: 16.1112 0.813299
sphere: 16.1608 0.815654
sphere: 16.1608 0.815654
sphere: 16.2139 0.818034
sphere: 16.2139 0.818034
sphere: 16.2705 0.82044
sphere: 16.2705 0.82044
sphere: 16.3312 0.822871
sphere: 16.3312 0.822871
sphere: 16.3968 0.825328
sphere: 16.3968 0.825328
sphere: 16.4683 0.82781
sphere: 16.4683 0.82781
sphere: 16.5481 0.83032
sphere: 16.5481 0.83032
sphere: 16.6419 0.832855
sphere: 16.6419 0.832855
sphere: 16.7775 0.835418
sphere: 16.7775 0.835418
sphere: 16.0835 0.801086
sphere: 16.0835 0.801086
sphere: 16.111 0.803312
sphere: 16.111 0.803312
sphere: 16.1509 0.80556
sphere: 16.1509 0.80556
sphere: 16.2013 0.807833
sphere: 16.2013 0.807833
sphere: 16.2649 0.81013
sphere: 16.2649 0.81013
